#
# A fatal error has been detected by the Java Runtime Environment:
#
#  EXCEPTION_ACCESS_VIOLATION (0xc0000005) at pc=0x00007ffe5e3c40b3, pid=14252, tid=2832
#
# JRE version: OpenJDK Runtime Environment Corretto-11.0.13.8.1 (11.0.13+8) (build 11.0.13+8-LTS)
# Java VM: OpenJDK 64-Bit Server VM Corretto-11.0.13.8.1 (11.0.13+8-LTS, mixed mode, tiered, compressed oops, g1 gc, windows-amd64)
# Problematic frame:
# V  [jvm.dll+0x3c40b3]
#
# No core dump will be written. Minidumps are not enabled by default on client versions of Windows
#
# If you would like to submit a bug report, please visit:
#   https://github.com/corretto/corretto-11/issues/
#

---------------  S U M M A R Y ------------

Command Line: build/libs/my-application.min.jar

Host: Intel(R) Core(TM) i7-10875H CPU @ 2.30GHz, 16 cores, 31G,  Windows 10 , 64 bit Build 19041 (10.0.19041.1202)
Time: Fri Nov 12 13:28:25 2021 Russia TZ 2 Standard Time elapsed time: 107.420159 seconds (0d 0h 1m 47s)

---------------  T H R E A D  ---------------

Current thread (0x0000021620265000):  JavaThread "eventLoopGroupProxy-4-1" [_thread_in_vm, id=2832, stack(0x00000069fa500000,0x00000069fa600000)]

Stack: [0x00000069fa500000,0x00000069fa600000],  sp=0x00000069fa5fd0b0,  free space=1012k
Native frames: (J=compiled Java code, j=interpreted, Vv=VM code, C=native code)
V  [jvm.dll+0x3c40b3]
C  [jansi-2.3.4-12b62f374b009d75-jansi.dll+0x1d4d]

Java frames: (J=compiled Java code, j=interpreted, Vv=VM code)
j  org.fusesource.jansi.internal.Kernel32.init()V+0
j  org.fusesource.jansi.internal.Kernel32.<clinit>()V+4
v  ~StubRoutines::call_stub
j  org.fusesource.jansi.AnsiConsole.ansiStream(Z)Lorg/fusesource/jansi/AnsiPrintStream;+192
j  org.fusesource.jansi.AnsiConsole.initStreams()V+7
j  org.fusesource.jansi.AnsiConsole.systemInstall()V+15
j  io.ktor.server.plugins.CallLogging$Configuration.colored(Lio/ktor/http/HttpStatusCode;)Ljava/lang/String;+7
j  io.ktor.server.plugins.CallLogging$Configuration.defaultFormat(Lio/ktor/server/application/ApplicationCall;)Ljava/lang/String;+169
j  io.ktor.server.plugins.CallLogging$Configuration.access$defaultFormat(Lio/ktor/server/plugins/CallLogging$Configuration;Lio/ktor/server/application/ApplicationCall;)Ljava/lang/String;+2
j  io.ktor.server.plugins.CallLogging$Configuration$formatCall$1.invoke(Lio/ktor/server/application/ApplicationCall;)Ljava/lang/String;+14
j  io.ktor.server.plugins.CallLogging$Configuration$formatCall$1.invoke(Ljava/lang/Object;)Ljava/lang/Object;+5
j  io.ktor.server.plugins.CallLogging.logSuccess(Lio/ktor/server/application/ApplicationCall;)V+113
j  io.ktor.server.plugins.CallLogging.access$logSuccess(Lio/ktor/server/plugins/CallLogging;Lio/ktor/server/application/ApplicationCall;)V+2
j  io.ktor.server.plugins.CallLogging$Plugin$install$2.invokeSuspend(Ljava/lang/Object;)Ljava/lang/Object;+101
j  kotlin.coroutines.jvm.internal.BaseContinuationImpl.resumeWith(Ljava/lang/Object;)V+46
j  io.ktor.util.pipeline.SuspendFunctionGun.resumeRootWith(Ljava/lang/Object;)V+74
j  io.ktor.util.pipeline.SuspendFunctionGun.loop(Z)Z+41
j  io.ktor.util.pipeline.SuspendFunctionGun.access$loop(Lio/ktor/util/pipeline/SuspendFunctionGun;Z)Z+2
j  io.ktor.util.pipeline.SuspendFunctionGun$continuation$1.resumeWith(Ljava/lang/Object;)V+43
j  kotlin.coroutines.jvm.internal.BaseContinuationImpl.resumeWith(Ljava/lang/Object;)V+131
j  io.ktor.util.pipeline.SuspendFunctionGun.resumeRootWith(Ljava/lang/Object;)V+74
j  io.ktor.util.pipeline.SuspendFunctionGun.loop(Z)Z+41
j  io.ktor.util.pipeline.SuspendFunctionGun.access$loop(Lio/ktor/util/pipeline/SuspendFunctionGun;Z)Z+2
j  io.ktor.util.pipeline.SuspendFunctionGun$continuation$1.resumeWith(Ljava/lang/Object;)V+43
j  kotlin.coroutines.jvm.internal.BaseContinuationImpl.resumeWith(Ljava/lang/Object;)V+131
j  io.ktor.util.pipeline.SuspendFunctionGun.resumeRootWith(Ljava/lang/Object;)V+74
j  io.ktor.util.pipeline.SuspendFunctionGun.loop(Z)Z+41
j  io.ktor.util.pipeline.SuspendFunctionGun.access$loop(Lio/ktor/util/pipeline/SuspendFunctionGun;Z)Z+2
j  io.ktor.util.pipeline.SuspendFunctionGun$continuation$1.resumeWith(Ljava/lang/Object;)V+43
j  kotlin.coroutines.jvm.internal.BaseContinuationImpl.resumeWith(Ljava/lang/Object;)V+131
j  io.ktor.util.pipeline.SuspendFunctionGun.resumeRootWith(Ljava/lang/Object;)V+74
j  io.ktor.util.pipeline.SuspendFunctionGun.loop(Z)Z+41
j  io.ktor.util.pipeline.SuspendFunctionGun.access$loop(Lio/ktor/util/pipeline/SuspendFunctionGun;Z)Z+2
j  io.ktor.util.pipeline.SuspendFunctionGun$continuation$1.resumeWith(Ljava/lang/Object;)V+43
j  kotlin.coroutines.jvm.internal.BaseContinuationImpl.resumeWith(Ljava/lang/Object;)V+131
j  kotlinx.coroutines.DispatchedTask.run()V+357
j  io.netty.util.concurrent.AbstractEventExecutor.safeExecute(Ljava/lang/Runnable;)V+1
j  io.netty.util.concurrent.SingleThreadEventExecutor.runAllTasks(J)Z+41
j  io.netty.channel.nio.NioEventLoop.run()V+329
j  io.netty.util.concurrent.SingleThreadEventExecutor$4.run()V+44
j  io.netty.util.internal.ThreadExecutorMap$2.run()V+11
j  io.ktor.server.netty.EventLoopGroupProxy$Companion.create$lambda-1$lambda-0(Ljava/lang/Runnable;)V+7
j  io.ktor.server.netty.EventLoopGroupProxy$Companion$$Lambda$61.run()V+4
j  io.netty.util.concurrent.FastThreadLocalRunnable.run()V+4
j  java.lang.Thread.run()V+11 java.base@11.0.13
v  ~StubRoutines::call_stub

siginfo: EXCEPTION_ACCESS_VIOLATION (0xc0000005), reading address 0x0000000000000000


Register to memory mapping:

RIP=0x00007ffe5e3c40b3 jvm.dll
RAX=0x0 is NULL
RBX=0x0000021620265000 is a thread
RCX=0x6c46103aaa070000 is an unknown value
RDX=0x0000000000000006 is an unknown value
RSP=0x00000069fa5fd0b0 is pointing into the stack for thread: 0x0000021620265000
RBP=0x0000021620265000 is a thread
RSI=0x0 is NULL
RDI=0x0 is NULL
R8 =0x0 is NULL
R9 =0x0000000000000100 is an unknown value
R10=0x00000069fa5fcc24 is pointing into the stack for thread: 0x0000021620265000
R11=0x00000069fa5fd0a8 is pointing into the stack for thread: 0x0000021620265000
R12=0x0000021620265348 points into unknown readable memory: 0x00007ffe5ea41e70 | 70 1e a4 5e fe 7f 00 00
R13=0x00000069fa5fd1f0 is pointing into the stack for thread: 0x0000021620265000
R14=0x0000000000000100 is an unknown value
R15=0x0000021620265000 is a thread


Registers:
RAX=0x0000000000000000, RBX=0x0000021620265000, RCX=0x6c46103aaa070000, RDX=0x0000000000000006
RSP=0x00000069fa5fd0b0, RBP=0x0000021620265000, RSI=0x0000000000000000, RDI=0x0000000000000000
R8 =0x0000000000000000, R9 =0x0000000000000100, R10=0x00000069fa5fcc24, R11=0x00000069fa5fd0a8
R12=0x0000021620265348, R13=0x00000069fa5fd1f0, R14=0x0000000000000100, R15=0x0000021620265000
RIP=0x00007ffe5e3c40b3, EFLAGS=0x0000000000010246

Top of Stack: (sp=0x00000069fa5fd0b0)
0x00000069fa5fd0b0:   0000021620265000 0000000000000000
0x00000069fa5fd0c0:   0000000700000009 0000021623869518
0x00000069fa5fd0d0:   0000021620265000 0000021620265000
0x00000069fa5fd0e0:   0000000000000000 0000021620265000
0x00000069fa5fd0f0:   0000021620265000 00000216201a6cf8
0x00000069fa5fd100:   00000216000008e3 00007ffe5e8c7f68
0x00000069fa5fd110:   00000069fa5fd1f8 0000000000000000
0x00000069fa5fd120:   00000069fa5fd730 0000000069ac1d4d
0x00000069fa5fd130:   00000000a2e2e77c 00007ffe5e3c4000
0x00000069fa5fd140:   00000069fa5fd1e0 0000021623869978
0x00000069fa5fd150:   0000021623869978 0000000000000000
0x00000069fa5fd160:   0000021623869978 000002160000f777
0x00000069fa5fd170:   0000021623869978 00000069fa5fd1e0
0x00000069fa5fd180:   00000069fa5fd730 0000000000000001
0x00000069fa5fd190:   000002160000f416 00000069fa5fd198
0x00000069fa5fd1a0:   0000021623869978 00000069fa5fd1f8 

Instructions: (pc=0x00007ffe5e3c40b3)
0x00007ffe5e3c3fb3:   08 48 8b cb e8 14 19 d4 ff 83 3d cd d7 6f 00 01
0x00007ffe5e3c3fc3:   75 0e 48 8b 83 08 01 00 00 c0 e8 03 a8 01 74 08
0x00007ffe5e3c3fd3:   48 8b cb e8 75 0a 2c 00 4c 8d 5c 24 60 c7 83 c0
0x00007ffe5e3c3fe3:   03 00 00 04 00 00 00 49 8b 5b 28 49 8b 6b 30 49
0x00007ffe5e3c3ff3:   8b e3 41 5e 5f 5e c3 cc cc cc cc cc cc 48 89 5c
0x00007ffe5e3c4003:   24 10 48 89 6c 24 18 56 57 41 56 48 83 ec 60 8b
0x00007ffe5e3c4013:   81 90 00 00 00 48 8d a9 b8 fc ff ff 05 55 21 ff
0x00007ffe5e3c4023:   ff 45 0f b7 f1 49 8b f0 83 f8 01 76 0d 48 8b cd
0x00007ffe5e3c4033:   40 b7 01 e8 75 11 3a 00 eb 03 40 32 ff 33 db ba
0x00007ffe5e3c4043:   06 00 00 00 40 84 ff 48 0f 44 dd 48 8b cb e8 ba
0x00007ffe5e3c4053:   8c d7 ff 48 83 7b 08 00 48 89 5c 24 40 48 c7 44
0x00007ffe5e3c4063:   24 48 00 00 00 00 74 0a 48 8d 4c 24 40 e8 9b b3
0x00007ffe5e3c4073:   28 00 80 3d ef 95 6e 00 00 74 35 4c 8b 0e 48 8d
0x00007ffe5e3c4083:   84 24 80 00 00 00 48 89 44 24 38 45 33 c0 c6 44
0x00007ffe5e3c4093:   24 30 53 33 d2 c6 44 24 28 01 48 8b cb 48 89 74
0x00007ffe5e3c40a3:   24 20 66 44 89 b4 24 80 00 00 00 e8 cd c0 10 00
0x00007ffe5e3c40b3:   48 8b 0e 48 63 7e 10 e8 11 c5 12 00 66 44 89 34
0x00007ffe5e3c40c3:   07 48 83 7c 24 48 00 74 0a 48 8d 4c 24 40 e8 da
0x00007ffe5e3c40d3:   b3 28 00 48 8b bb f0 00 00 00 48 8b 47 10 48 8b
0x00007ffe5e3c40e3:   77 08 48 83 38 00 74 19 48 8b 57 28 48 8b ce e8
0x00007ffe5e3c40f3:   69 ed cf ff 48 8b 4f 10 e8 d0 ec cf ff 48 8b 47
0x00007ffe5e3c4103:   10 48 89 46 10 48 8b 47 18 48 89 46 18 48 8b 47
0x00007ffe5e3c4113:   20 48 89 46 20 c7 83 c0 03 00 00 07 00 00 00 80
0x00007ffe5e3c4123:   3d 57 c8 67 00 00 75 09 83 3d 2e 8d 6f 00 01 74
0x00007ffe5e3c4133:   18 80 3d 46 c8 67 00 00 74 07 e8 8e a0 24 00 eb
0x00007ffe5e3c4143:   08 48 8b cb e8 84 17 d4 ff 83 3d 3d d6 6f 00 01
0x00007ffe5e3c4153:   75 0e 48 8b 83 08 01 00 00 c0 e8 03 a8 01 74 08
0x00007ffe5e3c4163:   48 8b cb e8 e5 08 2c 00 4c 8d 5c 24 60 c7 83 c0
0x00007ffe5e3c4173:   03 00 00 04 00 00 00 49 8b 5b 28 49 8b 6b 30 49
0x00007ffe5e3c4183:   8b e3 41 5e 5f 5e c3 cc cc cc cc cc cc 48 89 5c
0x00007ffe5e3c4193:   24 10 48 89 6c 24 18 56 57 41 56 48 83 ec 60 8b
0x00007ffe5e3c41a3:   81 90 00 00 00 48 8d a9 b8 fc ff ff 05 55 21 ff 


Stack slot to memory mapping:
stack at sp + 0 slots: 0x0000021620265000 is a thread
stack at sp + 1 slots: 0x0 is NULL
stack at sp + 2 slots: 
[error occurred during error reporting (inspecting top of stack), id 0xc0000005, EXCEPTION_ACCESS_VIOLATION (0xc0000005) at pc=0x00007ffe5e2e56c6]


---------------  P R O C E S S  ---------------

Threads class SMR info:
_java_thread_list=0x00000216210a5b90, length=16, elements={
0x00000216711cc800, 0x000002161fa53800, 0x000002161fa78000, 0x000002161fad4800,
0x000002161fad6000, 0x000002161fad7000, 0x000002161fadd000, 0x000002161fae0800,
0x000002161fae4000, 0x000002161fc9c000, 0x000002162053b000, 0x0000021620213000,
0x0000021620265000, 0x000002161fcfe000, 0x000002161fd00000, 0x000002161fcfe800
}

Java Threads: ( => current thread )
  0x00000216711cc800 JavaThread "main" [_thread_blocked, id=19920, stack(0x00000069fa600000,0x00000069fa700000)]
  0x000002161fa53800 JavaThread "Reference Handler" daemon [_thread_blocked, id=17856, stack(0x00000069fad00000,0x00000069fae00000)]
  0x000002161fa78000 JavaThread "Finalizer" daemon [_thread_blocked, id=9492, stack(0x00000069fae00000,0x00000069faf00000)]
  0x000002161fad4800 JavaThread "Signal Dispatcher" daemon [_thread_blocked, id=11876, stack(0x00000069faf00000,0x00000069fb000000)]
  0x000002161fad6000 JavaThread "Attach Listener" daemon [_thread_blocked, id=6592, stack(0x00000069fb000000,0x00000069fb100000)]
  0x000002161fad7000 JavaThread "Service Thread" daemon [_thread_blocked, id=22492, stack(0x00000069fb100000,0x00000069fb200000)]
  0x000002161fadd000 JavaThread "C2 CompilerThread0" daemon [_thread_blocked, id=7764, stack(0x00000069fb200000,0x00000069fb300000)]
  0x000002161fae0800 JavaThread "C1 CompilerThread0" daemon [_thread_blocked, id=15964, stack(0x00000069fb300000,0x00000069fb400000)]
  0x000002161fae4000 JavaThread "Sweeper thread" daemon [_thread_blocked, id=20872, stack(0x00000069fb400000,0x00000069fb500000)]
  0x000002161fc9c000 JavaThread "Common-Cleaner" daemon [_thread_blocked, id=9100, stack(0x00000069fb700000,0x00000069fb800000)]
  0x000002162053b000 JavaThread "eventLoopGroupProxy-1-1" [_thread_in_native, id=14392, stack(0x00000069fc800000,0x00000069fc900000)]
  0x0000021620213000 JavaThread "eventLoopGroupProxy-3-1" [_thread_in_native, id=9196, stack(0x00000069fa400000,0x00000069fa500000)]
=>0x0000021620265000 JavaThread "eventLoopGroupProxy-4-1" [_thread_in_vm, id=2832, stack(0x00000069fa500000,0x00000069fa600000)]
  0x000002161fcfe000 JavaThread "DefaultDispatcher-worker-1" daemon [_thread_blocked, id=9820, stack(0x00000069fb800000,0x00000069fb900000)]
  0x000002161fd00000 JavaThread "DefaultDispatcher-worker-2" daemon [_thread_blocked, id=1688, stack(0x00000069fb900000,0x00000069fba00000)]
  0x000002161fcfe800 JavaThread "DefaultDispatcher-worker-3" daemon [_thread_blocked, id=13816, stack(0x00000069fba00000,0x00000069fbb00000)]

Other Threads:
  0x000002161fa50000 VMThread "VM Thread" [stack: 0x00000069fac00000,0x00000069fad00000] [id=4412]
  0x000002161fc81800 WatcherThread [stack: 0x00000069fb600000,0x00000069fb700000] [id=9680]
  0x00000216711e5800 GCTaskThread "GC Thread#0" [stack: 0x00000069fa700000,0x00000069fa800000] [id=12664]
  0x0000021620465000 GCTaskThread "GC Thread#1" [stack: 0x00000069fbb00000,0x00000069fbc00000] [id=2716]
  0x00000216203cb800 GCTaskThread "GC Thread#2" [stack: 0x00000069fbc00000,0x00000069fbd00000] [id=12624]
  0x000002162036e800 GCTaskThread "GC Thread#3" [stack: 0x00000069fbd00000,0x00000069fbe00000] [id=20080]
  0x000002162036f000 GCTaskThread "GC Thread#4" [stack: 0x00000069fbe00000,0x00000069fbf00000] [id=5936]
  0x00000216203fd800 GCTaskThread "GC Thread#5" [stack: 0x00000069fbf00000,0x00000069fc000000] [id=18176]
  0x00000216203fe000 GCTaskThread "GC Thread#6" [stack: 0x00000069fc000000,0x00000069fc100000] [id=1308]
  0x000002162045e000 GCTaskThread "GC Thread#7" [stack: 0x00000069fc100000,0x00000069fc200000] [id=1416]
  0x000002162045e800 GCTaskThread "GC Thread#8" [stack: 0x00000069fc200000,0x00000069fc300000] [id=15004]
  0x000002162057c800 GCTaskThread "GC Thread#9" [stack: 0x00000069fc300000,0x00000069fc400000] [id=17164]
  0x0000021620578000 GCTaskThread "GC Thread#10" [stack: 0x00000069fc400000,0x00000069fc500000] [id=14880]
  0x000002162057e000 GCTaskThread "GC Thread#11" [stack: 0x00000069fc500000,0x00000069fc600000] [id=12444]
  0x0000021671266800 ConcurrentGCThread "G1 Main Marker" [stack: 0x00000069fa800000,0x00000069fa900000] [id=8832]
  0x0000021671268000 ConcurrentGCThread "G1 Conc#0" [stack: 0x00000069fa900000,0x00000069faa00000] [id=19052]
  0x0000021620577000 ConcurrentGCThread "G1 Conc#1" [stack: 0x00000069fc600000,0x00000069fc700000] [id=20672]
  0x000002162057e800 ConcurrentGCThread "G1 Conc#2" [stack: 0x00000069fc700000,0x00000069fc800000] [id=8016]
  0x000002161f0b5800 ConcurrentGCThread "G1 Refine#0" [stack: 0x00000069faa00000,0x00000069fab00000] [id=20508]
  0x000002161f0b6800 ConcurrentGCThread "G1 Young RemSet Sampling" [stack: 0x00000069fab00000,0x00000069fac00000] [id=14984]

Threads with active compile tasks:

VM state:not at safepoint (normal execution)

VM Mutex/Monitor currently owned by a thread: None

Heap address: 0x0000000603e00000, size: 8130 MB, Compressed Oops mode: Zero based, Oop shift amount: 3
Narrow klass base: 0x0000000800000000, Narrow klass shift: 0
Compressed class space size: 1073741824 Address: 0x0000000800000000

Heap:
 garbage-first heap   total 522240K, used 15793K [0x0000000603e00000, 0x0000000800000000)
  region size 2048K, 10 young (20480K), 3 survivors (6144K)
 Metaspace       used 23968K, capacity 24208K, committed 24448K, reserved 1071104K
  class space    used 2796K, capacity 2895K, committed 2944K, reserved 1048576K
Heap Regions: E=young(eden), S=young(survivor), O=old, HS=humongous(starts), HC=humongous(continues), CS=collection set, F=free, A=archive, TAMS=top-at-mark-start (previous, next)
|   0|0x0000000603e00000, 0x0000000603e00000, 0x0000000604000000|  0%| F|  |TAMS 0x0000000603e00000, 0x0000000603e00000| Untracked 
|   1|0x0000000604000000, 0x0000000604000000, 0x0000000604200000|  0%| F|  |TAMS 0x0000000604000000, 0x0000000604000000| Untracked 
|   2|0x0000000604200000, 0x0000000604200000, 0x0000000604400000|  0%| F|  |TAMS 0x0000000604200000, 0x0000000604200000| Untracked 
|   3|0x0000000604400000, 0x0000000604400000, 0x0000000604600000|  0%| F|  |TAMS 0x0000000604400000, 0x0000000604400000| Untracked 
|   4|0x0000000604600000, 0x0000000604600000, 0x0000000604800000|  0%| F|  |TAMS 0x0000000604600000, 0x0000000604600000| Untracked 
|   5|0x0000000604800000, 0x0000000604800000, 0x0000000604a00000|  0%| F|  |TAMS 0x0000000604800000, 0x0000000604800000| Untracked 
|   6|0x0000000604a00000, 0x0000000604a00000, 0x0000000604c00000|  0%| F|  |TAMS 0x0000000604a00000, 0x0000000604a00000| Untracked 
|   7|0x0000000604c00000, 0x0000000604c00000, 0x0000000604e00000|  0%| F|  |TAMS 0x0000000604c00000, 0x0000000604c00000| Untracked 
|   8|0x0000000604e00000, 0x0000000604e00000, 0x0000000605000000|  0%| F|  |TAMS 0x0000000604e00000, 0x0000000604e00000| Untracked 
|   9|0x0000000605000000, 0x0000000605000000, 0x0000000605200000|  0%| F|  |TAMS 0x0000000605000000, 0x0000000605000000| Untracked 
|  10|0x0000000605200000, 0x0000000605200000, 0x0000000605400000|  0%| F|  |TAMS 0x0000000605200000, 0x0000000605200000| Untracked 
|  11|0x0000000605400000, 0x0000000605400000, 0x0000000605600000|  0%| F|  |TAMS 0x0000000605400000, 0x0000000605400000| Untracked 
|  12|0x0000000605600000, 0x0000000605600000, 0x0000000605800000|  0%| F|  |TAMS 0x0000000605600000, 0x0000000605600000| Untracked 
|  13|0x0000000605800000, 0x0000000605800000, 0x0000000605a00000|  0%| F|  |TAMS 0x0000000605800000, 0x0000000605800000| Untracked 
|  14|0x0000000605a00000, 0x0000000605a00000, 0x0000000605c00000|  0%| F|  |TAMS 0x0000000605a00000, 0x0000000605a00000| Untracked 
|  15|0x0000000605c00000, 0x0000000605c00000, 0x0000000605e00000|  0%| F|  |TAMS 0x0000000605c00000, 0x0000000605c00000| Untracked 
|  16|0x0000000605e00000, 0x0000000605e00000, 0x0000000606000000|  0%| F|  |TAMS 0x0000000605e00000, 0x0000000605e00000| Untracked 
|  17|0x0000000606000000, 0x0000000606000000, 0x0000000606200000|  0%| F|  |TAMS 0x0000000606000000, 0x0000000606000000| Untracked 
|  18|0x0000000606200000, 0x0000000606200000, 0x0000000606400000|  0%| F|  |TAMS 0x0000000606200000, 0x0000000606200000| Untracked 
|  19|0x0000000606400000, 0x0000000606400000, 0x0000000606600000|  0%| F|  |TAMS 0x0000000606400000, 0x0000000606400000| Untracked 
|  20|0x0000000606600000, 0x0000000606600000, 0x0000000606800000|  0%| F|  |TAMS 0x0000000606600000, 0x0000000606600000| Untracked 
|  21|0x0000000606800000, 0x0000000606800000, 0x0000000606a00000|  0%| F|  |TAMS 0x0000000606800000, 0x0000000606800000| Untracked 
|  22|0x0000000606a00000, 0x0000000606a00000, 0x0000000606c00000|  0%| F|  |TAMS 0x0000000606a00000, 0x0000000606a00000| Untracked 
|  23|0x0000000606c00000, 0x0000000606c00000, 0x0000000606e00000|  0%| F|  |TAMS 0x0000000606c00000, 0x0000000606c00000| Untracked 
|  24|0x0000000606e00000, 0x0000000606e00000, 0x0000000607000000|  0%| F|  |TAMS 0x0000000606e00000, 0x0000000606e00000| Untracked 
|  25|0x0000000607000000, 0x0000000607000000, 0x0000000607200000|  0%| F|  |TAMS 0x0000000607000000, 0x0000000607000000| Untracked 
|  26|0x0000000607200000, 0x0000000607200000, 0x0000000607400000|  0%| F|  |TAMS 0x0000000607200000, 0x0000000607200000| Untracked 
|  27|0x0000000607400000, 0x0000000607400000, 0x0000000607600000|  0%| F|  |TAMS 0x0000000607400000, 0x0000000607400000| Untracked 
|  28|0x0000000607600000, 0x0000000607600000, 0x0000000607800000|  0%| F|  |TAMS 0x0000000607600000, 0x0000000607600000| Untracked 
|  29|0x0000000607800000, 0x0000000607800000, 0x0000000607a00000|  0%| F|  |TAMS 0x0000000607800000, 0x0000000607800000| Untracked 
|  30|0x0000000607a00000, 0x0000000607a00000, 0x0000000607c00000|  0%| F|  |TAMS 0x0000000607a00000, 0x0000000607a00000| Untracked 
|  31|0x0000000607c00000, 0x0000000607c00000, 0x0000000607e00000|  0%| F|  |TAMS 0x0000000607c00000, 0x0000000607c00000| Untracked 
|  32|0x0000000607e00000, 0x0000000607e00000, 0x0000000608000000|  0%| F|  |TAMS 0x0000000607e00000, 0x0000000607e00000| Untracked 
|  33|0x0000000608000000, 0x0000000608000000, 0x0000000608200000|  0%| F|  |TAMS 0x0000000608000000, 0x0000000608000000| Untracked 
|  34|0x0000000608200000, 0x0000000608200000, 0x0000000608400000|  0%| F|  |TAMS 0x0000000608200000, 0x0000000608200000| Untracked 
|  35|0x0000000608400000, 0x0000000608400000, 0x0000000608600000|  0%| F|  |TAMS 0x0000000608400000, 0x0000000608400000| Untracked 
|  36|0x0000000608600000, 0x0000000608600000, 0x0000000608800000|  0%| F|  |TAMS 0x0000000608600000, 0x0000000608600000| Untracked 
|  37|0x0000000608800000, 0x0000000608800000, 0x0000000608a00000|  0%| F|  |TAMS 0x0000000608800000, 0x0000000608800000| Untracked 
|  38|0x0000000608a00000, 0x0000000608a00000, 0x0000000608c00000|  0%| F|  |TAMS 0x0000000608a00000, 0x0000000608a00000| Untracked 
|  39|0x0000000608c00000, 0x0000000608c00000, 0x0000000608e00000|  0%| F|  |TAMS 0x0000000608c00000, 0x0000000608c00000| Untracked 
|  40|0x0000000608e00000, 0x0000000608e00000, 0x0000000609000000|  0%| F|  |TAMS 0x0000000608e00000, 0x0000000608e00000| Untracked 
|  41|0x0000000609000000, 0x0000000609000000, 0x0000000609200000|  0%| F|  |TAMS 0x0000000609000000, 0x0000000609000000| Untracked 
|  42|0x0000000609200000, 0x0000000609200000, 0x0000000609400000|  0%| F|  |TAMS 0x0000000609200000, 0x0000000609200000| Untracked 
|  43|0x0000000609400000, 0x0000000609400000, 0x0000000609600000|  0%| F|  |TAMS 0x0000000609400000, 0x0000000609400000| Untracked 
|  44|0x0000000609600000, 0x0000000609600000, 0x0000000609800000|  0%| F|  |TAMS 0x0000000609600000, 0x0000000609600000| Untracked 
|  45|0x0000000609800000, 0x0000000609800000, 0x0000000609a00000|  0%| F|  |TAMS 0x0000000609800000, 0x0000000609800000| Untracked 
|  46|0x0000000609a00000, 0x0000000609a00000, 0x0000000609c00000|  0%| F|  |TAMS 0x0000000609a00000, 0x0000000609a00000| Untracked 
|  47|0x0000000609c00000, 0x0000000609c00000, 0x0000000609e00000|  0%| F|  |TAMS 0x0000000609c00000, 0x0000000609c00000| Untracked 
|  48|0x0000000609e00000, 0x0000000609e00000, 0x000000060a000000|  0%| F|  |TAMS 0x0000000609e00000, 0x0000000609e00000| Untracked 
|  49|0x000000060a000000, 0x000000060a000000, 0x000000060a200000|  0%| F|  |TAMS 0x000000060a000000, 0x000000060a000000| Untracked 
|  50|0x000000060a200000, 0x000000060a200000, 0x000000060a400000|  0%| F|  |TAMS 0x000000060a200000, 0x000000060a200000| Untracked 
|  51|0x000000060a400000, 0x000000060a400000, 0x000000060a600000|  0%| F|  |TAMS 0x000000060a400000, 0x000000060a400000| Untracked 
|  52|0x000000060a600000, 0x000000060a600000, 0x000000060a800000|  0%| F|  |TAMS 0x000000060a600000, 0x000000060a600000| Untracked 
|  53|0x000000060a800000, 0x000000060a800000, 0x000000060aa00000|  0%| F|  |TAMS 0x000000060a800000, 0x000000060a800000| Untracked 
|  54|0x000000060aa00000, 0x000000060aa00000, 0x000000060ac00000|  0%| F|  |TAMS 0x000000060aa00000, 0x000000060aa00000| Untracked 
|  55|0x000000060ac00000, 0x000000060ac00000, 0x000000060ae00000|  0%| F|  |TAMS 0x000000060ac00000, 0x000000060ac00000| Untracked 
|  56|0x000000060ae00000, 0x000000060ae00000, 0x000000060b000000|  0%| F|  |TAMS 0x000000060ae00000, 0x000000060ae00000| Untracked 
|  57|0x000000060b000000, 0x000000060b000000, 0x000000060b200000|  0%| F|  |TAMS 0x000000060b000000, 0x000000060b000000| Untracked 
|  58|0x000000060b200000, 0x000000060b200000, 0x000000060b400000|  0%| F|  |TAMS 0x000000060b200000, 0x000000060b200000| Untracked 
|  59|0x000000060b400000, 0x000000060b400000, 0x000000060b600000|  0%| F|  |TAMS 0x000000060b400000, 0x000000060b400000| Untracked 
|  60|0x000000060b600000, 0x000000060b600000, 0x000000060b800000|  0%| F|  |TAMS 0x000000060b600000, 0x000000060b600000| Untracked 
|  61|0x000000060b800000, 0x000000060b800000, 0x000000060ba00000|  0%| F|  |TAMS 0x000000060b800000, 0x000000060b800000| Untracked 
|  62|0x000000060ba00000, 0x000000060ba00000, 0x000000060bc00000|  0%| F|  |TAMS 0x000000060ba00000, 0x000000060ba00000| Untracked 
|  63|0x000000060bc00000, 0x000000060bc00000, 0x000000060be00000|  0%| F|  |TAMS 0x000000060bc00000, 0x000000060bc00000| Untracked 
|  64|0x000000060be00000, 0x000000060be00000, 0x000000060c000000|  0%| F|  |TAMS 0x000000060be00000, 0x000000060be00000| Untracked 
|  65|0x000000060c000000, 0x000000060c000000, 0x000000060c200000|  0%| F|  |TAMS 0x000000060c000000, 0x000000060c000000| Untracked 
|  66|0x000000060c200000, 0x000000060c200000, 0x000000060c400000|  0%| F|  |TAMS 0x000000060c200000, 0x000000060c200000| Untracked 
|  67|0x000000060c400000, 0x000000060c400000, 0x000000060c600000|  0%| F|  |TAMS 0x000000060c400000, 0x000000060c400000| Untracked 
|  68|0x000000060c600000, 0x000000060c600000, 0x000000060c800000|  0%| F|  |TAMS 0x000000060c600000, 0x000000060c600000| Untracked 
|  69|0x000000060c800000, 0x000000060c800000, 0x000000060ca00000|  0%| F|  |TAMS 0x000000060c800000, 0x000000060c800000| Untracked 
|  70|0x000000060ca00000, 0x000000060ca00000, 0x000000060cc00000|  0%| F|  |TAMS 0x000000060ca00000, 0x000000060ca00000| Untracked 
|  71|0x000000060cc00000, 0x000000060cc00000, 0x000000060ce00000|  0%| F|  |TAMS 0x000000060cc00000, 0x000000060cc00000| Untracked 
|  72|0x000000060ce00000, 0x000000060ce00000, 0x000000060d000000|  0%| F|  |TAMS 0x000000060ce00000, 0x000000060ce00000| Untracked 
|  73|0x000000060d000000, 0x000000060d000000, 0x000000060d200000|  0%| F|  |TAMS 0x000000060d000000, 0x000000060d000000| Untracked 
|  74|0x000000060d200000, 0x000000060d200000, 0x000000060d400000|  0%| F|  |TAMS 0x000000060d200000, 0x000000060d200000| Untracked 
|  75|0x000000060d400000, 0x000000060d400000, 0x000000060d600000|  0%| F|  |TAMS 0x000000060d400000, 0x000000060d400000| Untracked 
|  76|0x000000060d600000, 0x000000060d600000, 0x000000060d800000|  0%| F|  |TAMS 0x000000060d600000, 0x000000060d600000| Untracked 
|  77|0x000000060d800000, 0x000000060d800000, 0x000000060da00000|  0%| F|  |TAMS 0x000000060d800000, 0x000000060d800000| Untracked 
|  78|0x000000060da00000, 0x000000060da00000, 0x000000060dc00000|  0%| F|  |TAMS 0x000000060da00000, 0x000000060da00000| Untracked 
|  79|0x000000060dc00000, 0x000000060dc00000, 0x000000060de00000|  0%| F|  |TAMS 0x000000060dc00000, 0x000000060dc00000| Untracked 
|  80|0x000000060de00000, 0x000000060de00000, 0x000000060e000000|  0%| F|  |TAMS 0x000000060de00000, 0x000000060de00000| Untracked 
|  81|0x000000060e000000, 0x000000060e000000, 0x000000060e200000|  0%| F|  |TAMS 0x000000060e000000, 0x000000060e000000| Untracked 
|  82|0x000000060e200000, 0x000000060e200000, 0x000000060e400000|  0%| F|  |TAMS 0x000000060e200000, 0x000000060e200000| Untracked 
|  83|0x000000060e400000, 0x000000060e400000, 0x000000060e600000|  0%| F|  |TAMS 0x000000060e400000, 0x000000060e400000| Untracked 
|  84|0x000000060e600000, 0x000000060e600000, 0x000000060e800000|  0%| F|  |TAMS 0x000000060e600000, 0x000000060e600000| Untracked 
|  85|0x000000060e800000, 0x000000060e800000, 0x000000060ea00000|  0%| F|  |TAMS 0x000000060e800000, 0x000000060e800000| Untracked 
|  86|0x000000060ea00000, 0x000000060ea00000, 0x000000060ec00000|  0%| F|  |TAMS 0x000000060ea00000, 0x000000060ea00000| Untracked 
|  87|0x000000060ec00000, 0x000000060ec00000, 0x000000060ee00000|  0%| F|  |TAMS 0x000000060ec00000, 0x000000060ec00000| Untracked 
|  88|0x000000060ee00000, 0x000000060ee00000, 0x000000060f000000|  0%| F|  |TAMS 0x000000060ee00000, 0x000000060ee00000| Untracked 
|  89|0x000000060f000000, 0x000000060f000000, 0x000000060f200000|  0%| F|  |TAMS 0x000000060f000000, 0x000000060f000000| Untracked 
|  90|0x000000060f200000, 0x000000060f200000, 0x000000060f400000|  0%| F|  |TAMS 0x000000060f200000, 0x000000060f200000| Untracked 
|  91|0x000000060f400000, 0x000000060f400000, 0x000000060f600000|  0%| F|  |TAMS 0x000000060f400000, 0x000000060f400000| Untracked 
|  92|0x000000060f600000, 0x000000060f600000, 0x000000060f800000|  0%| F|  |TAMS 0x000000060f600000, 0x000000060f600000| Untracked 
|  93|0x000000060f800000, 0x000000060f800000, 0x000000060fa00000|  0%| F|  |TAMS 0x000000060f800000, 0x000000060f800000| Untracked 
|  94|0x000000060fa00000, 0x000000060fa00000, 0x000000060fc00000|  0%| F|  |TAMS 0x000000060fa00000, 0x000000060fa00000| Untracked 
|  95|0x000000060fc00000, 0x000000060fc00000, 0x000000060fe00000|  0%| F|  |TAMS 0x000000060fc00000, 0x000000060fc00000| Untracked 
|  96|0x000000060fe00000, 0x000000060fe00000, 0x0000000610000000|  0%| F|  |TAMS 0x000000060fe00000, 0x000000060fe00000| Untracked 
|  97|0x0000000610000000, 0x0000000610000000, 0x0000000610200000|  0%| F|  |TAMS 0x0000000610000000, 0x0000000610000000| Untracked 
|  98|0x0000000610200000, 0x0000000610200000, 0x0000000610400000|  0%| F|  |TAMS 0x0000000610200000, 0x0000000610200000| Untracked 
|  99|0x0000000610400000, 0x0000000610400000, 0x0000000610600000|  0%| F|  |TAMS 0x0000000610400000, 0x0000000610400000| Untracked 
| 100|0x0000000610600000, 0x0000000610600000, 0x0000000610800000|  0%| F|  |TAMS 0x0000000610600000, 0x0000000610600000| Untracked 
| 101|0x0000000610800000, 0x0000000610800000, 0x0000000610a00000|  0%| F|  |TAMS 0x0000000610800000, 0x0000000610800000| Untracked 
| 102|0x0000000610a00000, 0x0000000610a00000, 0x0000000610c00000|  0%| F|  |TAMS 0x0000000610a00000, 0x0000000610a00000| Untracked 
| 103|0x0000000610c00000, 0x0000000610c00000, 0x0000000610e00000|  0%| F|  |TAMS 0x0000000610c00000, 0x0000000610c00000| Untracked 
| 104|0x0000000610e00000, 0x0000000610e00000, 0x0000000611000000|  0%| F|  |TAMS 0x0000000610e00000, 0x0000000610e00000| Untracked 
| 105|0x0000000611000000, 0x0000000611000000, 0x0000000611200000|  0%| F|  |TAMS 0x0000000611000000, 0x0000000611000000| Untracked 
| 106|0x0000000611200000, 0x0000000611200000, 0x0000000611400000|  0%| F|  |TAMS 0x0000000611200000, 0x0000000611200000| Untracked 
| 107|0x0000000611400000, 0x0000000611400000, 0x0000000611600000|  0%| F|  |TAMS 0x0000000611400000, 0x0000000611400000| Untracked 
| 108|0x0000000611600000, 0x0000000611600000, 0x0000000611800000|  0%| F|  |TAMS 0x0000000611600000, 0x0000000611600000| Untracked 
| 109|0x0000000611800000, 0x0000000611800000, 0x0000000611a00000|  0%| F|  |TAMS 0x0000000611800000, 0x0000000611800000| Untracked 
| 110|0x0000000611a00000, 0x0000000611a00000, 0x0000000611c00000|  0%| F|  |TAMS 0x0000000611a00000, 0x0000000611a00000| Untracked 
| 111|0x0000000611c00000, 0x0000000611c00000, 0x0000000611e00000|  0%| F|  |TAMS 0x0000000611c00000, 0x0000000611c00000| Untracked 
| 112|0x0000000611e00000, 0x0000000611e00000, 0x0000000612000000|  0%| F|  |TAMS 0x0000000611e00000, 0x0000000611e00000| Untracked 
| 113|0x0000000612000000, 0x0000000612000000, 0x0000000612200000|  0%| F|  |TAMS 0x0000000612000000, 0x0000000612000000| Untracked 
| 114|0x0000000612200000, 0x0000000612200000, 0x0000000612400000|  0%| F|  |TAMS 0x0000000612200000, 0x0000000612200000| Untracked 
| 115|0x0000000612400000, 0x0000000612400000, 0x0000000612600000|  0%| F|  |TAMS 0x0000000612400000, 0x0000000612400000| Untracked 
| 116|0x0000000612600000, 0x0000000612600000, 0x0000000612800000|  0%| F|  |TAMS 0x0000000612600000, 0x0000000612600000| Untracked 
| 117|0x0000000612800000, 0x0000000612800000, 0x0000000612a00000|  0%| F|  |TAMS 0x0000000612800000, 0x0000000612800000| Untracked 
| 118|0x0000000612a00000, 0x0000000612a00000, 0x0000000612c00000|  0%| F|  |TAMS 0x0000000612a00000, 0x0000000612a00000| Untracked 
| 119|0x0000000612c00000, 0x0000000612c00000, 0x0000000612e00000|  0%| F|  |TAMS 0x0000000612c00000, 0x0000000612c00000| Untracked 
| 120|0x0000000612e00000, 0x0000000612e00000, 0x0000000613000000|  0%| F|  |TAMS 0x0000000612e00000, 0x0000000612e00000| Untracked 
| 121|0x0000000613000000, 0x0000000613000000, 0x0000000613200000|  0%| F|  |TAMS 0x0000000613000000, 0x0000000613000000| Untracked 
| 122|0x0000000613200000, 0x0000000613200000, 0x0000000613400000|  0%| F|  |TAMS 0x0000000613200000, 0x0000000613200000| Untracked 
| 123|0x0000000613400000, 0x0000000613400000, 0x0000000613600000|  0%| F|  |TAMS 0x0000000613400000, 0x0000000613400000| Untracked 
| 124|0x0000000613600000, 0x0000000613600000, 0x0000000613800000|  0%| F|  |TAMS 0x0000000613600000, 0x0000000613600000| Untracked 
| 125|0x0000000613800000, 0x0000000613800000, 0x0000000613a00000|  0%| F|  |TAMS 0x0000000613800000, 0x0000000613800000| Untracked 
| 126|0x0000000613a00000, 0x0000000613a00000, 0x0000000613c00000|  0%| F|  |TAMS 0x0000000613a00000, 0x0000000613a00000| Untracked 
| 127|0x0000000613c00000, 0x0000000613c00000, 0x0000000613e00000|  0%| F|  |TAMS 0x0000000613c00000, 0x0000000613c00000| Untracked 
| 128|0x0000000613e00000, 0x0000000613e00000, 0x0000000614000000|  0%| F|  |TAMS 0x0000000613e00000, 0x0000000613e00000| Untracked 
| 129|0x0000000614000000, 0x0000000614000000, 0x0000000614200000|  0%| F|  |TAMS 0x0000000614000000, 0x0000000614000000| Untracked 
| 130|0x0000000614200000, 0x0000000614200000, 0x0000000614400000|  0%| F|  |TAMS 0x0000000614200000, 0x0000000614200000| Untracked 
| 131|0x0000000614400000, 0x0000000614400000, 0x0000000614600000|  0%| F|  |TAMS 0x0000000614400000, 0x0000000614400000| Untracked 
| 132|0x0000000614600000, 0x0000000614600000, 0x0000000614800000|  0%| F|  |TAMS 0x0000000614600000, 0x0000000614600000| Untracked 
| 133|0x0000000614800000, 0x0000000614800000, 0x0000000614a00000|  0%| F|  |TAMS 0x0000000614800000, 0x0000000614800000| Untracked 
| 134|0x0000000614a00000, 0x0000000614a00000, 0x0000000614c00000|  0%| F|  |TAMS 0x0000000614a00000, 0x0000000614a00000| Untracked 
| 135|0x0000000614c00000, 0x0000000614c00000, 0x0000000614e00000|  0%| F|  |TAMS 0x0000000614c00000, 0x0000000614c00000| Untracked 
| 136|0x0000000614e00000, 0x0000000614e00000, 0x0000000615000000|  0%| F|  |TAMS 0x0000000614e00000, 0x0000000614e00000| Untracked 
| 137|0x0000000615000000, 0x0000000615000000, 0x0000000615200000|  0%| F|  |TAMS 0x0000000615000000, 0x0000000615000000| Untracked 
| 138|0x0000000615200000, 0x0000000615200000, 0x0000000615400000|  0%| F|  |TAMS 0x0000000615200000, 0x0000000615200000| Untracked 
| 139|0x0000000615400000, 0x0000000615400000, 0x0000000615600000|  0%| F|  |TAMS 0x0000000615400000, 0x0000000615400000| Untracked 
| 140|0x0000000615600000, 0x0000000615600000, 0x0000000615800000|  0%| F|  |TAMS 0x0000000615600000, 0x0000000615600000| Untracked 
| 141|0x0000000615800000, 0x0000000615800000, 0x0000000615a00000|  0%| F|  |TAMS 0x0000000615800000, 0x0000000615800000| Untracked 
| 142|0x0000000615a00000, 0x0000000615a00000, 0x0000000615c00000|  0%| F|  |TAMS 0x0000000615a00000, 0x0000000615a00000| Untracked 
| 143|0x0000000615c00000, 0x0000000615c00000, 0x0000000615e00000|  0%| F|  |TAMS 0x0000000615c00000, 0x0000000615c00000| Untracked 
| 144|0x0000000615e00000, 0x0000000615e00000, 0x0000000616000000|  0%| F|  |TAMS 0x0000000615e00000, 0x0000000615e00000| Untracked 
| 145|0x0000000616000000, 0x0000000616000000, 0x0000000616200000|  0%| F|  |TAMS 0x0000000616000000, 0x0000000616000000| Untracked 
| 146|0x0000000616200000, 0x0000000616200000, 0x0000000616400000|  0%| F|  |TAMS 0x0000000616200000, 0x0000000616200000| Untracked 
| 147|0x0000000616400000, 0x0000000616400000, 0x0000000616600000|  0%| F|  |TAMS 0x0000000616400000, 0x0000000616400000| Untracked 
| 148|0x0000000616600000, 0x0000000616600000, 0x0000000616800000|  0%| F|  |TAMS 0x0000000616600000, 0x0000000616600000| Untracked 
| 149|0x0000000616800000, 0x0000000616800000, 0x0000000616a00000|  0%| F|  |TAMS 0x0000000616800000, 0x0000000616800000| Untracked 
| 150|0x0000000616a00000, 0x0000000616a00000, 0x0000000616c00000|  0%| F|  |TAMS 0x0000000616a00000, 0x0000000616a00000| Untracked 
| 151|0x0000000616c00000, 0x0000000616c00000, 0x0000000616e00000|  0%| F|  |TAMS 0x0000000616c00000, 0x0000000616c00000| Untracked 
| 152|0x0000000616e00000, 0x0000000616e00000, 0x0000000617000000|  0%| F|  |TAMS 0x0000000616e00000, 0x0000000616e00000| Untracked 
| 153|0x0000000617000000, 0x0000000617000000, 0x0000000617200000|  0%| F|  |TAMS 0x0000000617000000, 0x0000000617000000| Untracked 
| 154|0x0000000617200000, 0x0000000617200000, 0x0000000617400000|  0%| F|  |TAMS 0x0000000617200000, 0x0000000617200000| Untracked 
| 155|0x0000000617400000, 0x0000000617400000, 0x0000000617600000|  0%| F|  |TAMS 0x0000000617400000, 0x0000000617400000| Untracked 
| 156|0x0000000617600000, 0x0000000617600000, 0x0000000617800000|  0%| F|  |TAMS 0x0000000617600000, 0x0000000617600000| Untracked 
| 157|0x0000000617800000, 0x0000000617800000, 0x0000000617a00000|  0%| F|  |TAMS 0x0000000617800000, 0x0000000617800000| Untracked 
| 158|0x0000000617a00000, 0x0000000617a00000, 0x0000000617c00000|  0%| F|  |TAMS 0x0000000617a00000, 0x0000000617a00000| Untracked 
| 159|0x0000000617c00000, 0x0000000617c00000, 0x0000000617e00000|  0%| F|  |TAMS 0x0000000617c00000, 0x0000000617c00000| Untracked 
| 160|0x0000000617e00000, 0x0000000617e00000, 0x0000000618000000|  0%| F|  |TAMS 0x0000000617e00000, 0x0000000617e00000| Untracked 
| 161|0x0000000618000000, 0x0000000618000000, 0x0000000618200000|  0%| F|  |TAMS 0x0000000618000000, 0x0000000618000000| Untracked 
| 162|0x0000000618200000, 0x0000000618200000, 0x0000000618400000|  0%| F|  |TAMS 0x0000000618200000, 0x0000000618200000| Untracked 
| 163|0x0000000618400000, 0x0000000618400000, 0x0000000618600000|  0%| F|  |TAMS 0x0000000618400000, 0x0000000618400000| Untracked 
| 164|0x0000000618600000, 0x0000000618600000, 0x0000000618800000|  0%| F|  |TAMS 0x0000000618600000, 0x0000000618600000| Untracked 
| 165|0x0000000618800000, 0x0000000618800000, 0x0000000618a00000|  0%| F|  |TAMS 0x0000000618800000, 0x0000000618800000| Untracked 
| 166|0x0000000618a00000, 0x0000000618a00000, 0x0000000618c00000|  0%| F|  |TAMS 0x0000000618a00000, 0x0000000618a00000| Untracked 
| 167|0x0000000618c00000, 0x0000000618c00000, 0x0000000618e00000|  0%| F|  |TAMS 0x0000000618c00000, 0x0000000618c00000| Untracked 
| 168|0x0000000618e00000, 0x0000000618e00000, 0x0000000619000000|  0%| F|  |TAMS 0x0000000618e00000, 0x0000000618e00000| Untracked 
| 169|0x0000000619000000, 0x0000000619000000, 0x0000000619200000|  0%| F|  |TAMS 0x0000000619000000, 0x0000000619000000| Untracked 
| 170|0x0000000619200000, 0x0000000619200000, 0x0000000619400000|  0%| F|  |TAMS 0x0000000619200000, 0x0000000619200000| Untracked 
| 171|0x0000000619400000, 0x0000000619400000, 0x0000000619600000|  0%| F|  |TAMS 0x0000000619400000, 0x0000000619400000| Untracked 
| 172|0x0000000619600000, 0x0000000619600000, 0x0000000619800000|  0%| F|  |TAMS 0x0000000619600000, 0x0000000619600000| Untracked 
| 173|0x0000000619800000, 0x0000000619800000, 0x0000000619a00000|  0%| F|  |TAMS 0x0000000619800000, 0x0000000619800000| Untracked 
| 174|0x0000000619a00000, 0x0000000619a00000, 0x0000000619c00000|  0%| F|  |TAMS 0x0000000619a00000, 0x0000000619a00000| Untracked 
| 175|0x0000000619c00000, 0x0000000619c00000, 0x0000000619e00000|  0%| F|  |TAMS 0x0000000619c00000, 0x0000000619c00000| Untracked 
| 176|0x0000000619e00000, 0x0000000619e00000, 0x000000061a000000|  0%| F|  |TAMS 0x0000000619e00000, 0x0000000619e00000| Untracked 
| 177|0x000000061a000000, 0x000000061a000000, 0x000000061a200000|  0%| F|  |TAMS 0x000000061a000000, 0x000000061a000000| Untracked 
| 178|0x000000061a200000, 0x000000061a200000, 0x000000061a400000|  0%| F|  |TAMS 0x000000061a200000, 0x000000061a200000| Untracked 
| 179|0x000000061a400000, 0x000000061a400000, 0x000000061a600000|  0%| F|  |TAMS 0x000000061a400000, 0x000000061a400000| Untracked 
| 180|0x000000061a600000, 0x000000061a600000, 0x000000061a800000|  0%| F|  |TAMS 0x000000061a600000, 0x000000061a600000| Untracked 
| 181|0x000000061a800000, 0x000000061a800000, 0x000000061aa00000|  0%| F|  |TAMS 0x000000061a800000, 0x000000061a800000| Untracked 
| 182|0x000000061aa00000, 0x000000061aa00000, 0x000000061ac00000|  0%| F|  |TAMS 0x000000061aa00000, 0x000000061aa00000| Untracked 
| 183|0x000000061ac00000, 0x000000061ac00000, 0x000000061ae00000|  0%| F|  |TAMS 0x000000061ac00000, 0x000000061ac00000| Untracked 
| 184|0x000000061ae00000, 0x000000061ae00000, 0x000000061b000000|  0%| F|  |TAMS 0x000000061ae00000, 0x000000061ae00000| Untracked 
| 185|0x000000061b000000, 0x000000061b000000, 0x000000061b200000|  0%| F|  |TAMS 0x000000061b000000, 0x000000061b000000| Untracked 
| 186|0x000000061b200000, 0x000000061b200000, 0x000000061b400000|  0%| F|  |TAMS 0x000000061b200000, 0x000000061b200000| Untracked 
| 187|0x000000061b400000, 0x000000061b400000, 0x000000061b600000|  0%| F|  |TAMS 0x000000061b400000, 0x000000061b400000| Untracked 
| 188|0x000000061b600000, 0x000000061b600000, 0x000000061b800000|  0%| F|  |TAMS 0x000000061b600000, 0x000000061b600000| Untracked 
| 189|0x000000061b800000, 0x000000061b800000, 0x000000061ba00000|  0%| F|  |TAMS 0x000000061b800000, 0x000000061b800000| Untracked 
| 190|0x000000061ba00000, 0x000000061ba00000, 0x000000061bc00000|  0%| F|  |TAMS 0x000000061ba00000, 0x000000061ba00000| Untracked 
| 191|0x000000061bc00000, 0x000000061bc00000, 0x000000061be00000|  0%| F|  |TAMS 0x000000061bc00000, 0x000000061bc00000| Untracked 
| 192|0x000000061be00000, 0x000000061be00000, 0x000000061c000000|  0%| F|  |TAMS 0x000000061be00000, 0x000000061be00000| Untracked 
| 193|0x000000061c000000, 0x000000061c000000, 0x000000061c200000|  0%| F|  |TAMS 0x000000061c000000, 0x000000061c000000| Untracked 
| 194|0x000000061c200000, 0x000000061c200000, 0x000000061c400000|  0%| F|  |TAMS 0x000000061c200000, 0x000000061c200000| Untracked 
| 195|0x000000061c400000, 0x000000061c400000, 0x000000061c600000|  0%| F|  |TAMS 0x000000061c400000, 0x000000061c400000| Untracked 
| 196|0x000000061c600000, 0x000000061c600000, 0x000000061c800000|  0%| F|  |TAMS 0x000000061c600000, 0x000000061c600000| Untracked 
| 197|0x000000061c800000, 0x000000061c800000, 0x000000061ca00000|  0%| F|  |TAMS 0x000000061c800000, 0x000000061c800000| Untracked 
| 198|0x000000061ca00000, 0x000000061ca00000, 0x000000061cc00000|  0%| F|  |TAMS 0x000000061ca00000, 0x000000061ca00000| Untracked 
| 199|0x000000061cc00000, 0x000000061cc00000, 0x000000061ce00000|  0%| F|  |TAMS 0x000000061cc00000, 0x000000061cc00000| Untracked 
| 200|0x000000061ce00000, 0x000000061ce00000, 0x000000061d000000|  0%| F|  |TAMS 0x000000061ce00000, 0x000000061ce00000| Untracked 
| 201|0x000000061d000000, 0x000000061d000000, 0x000000061d200000|  0%| F|  |TAMS 0x000000061d000000, 0x000000061d000000| Untracked 
| 202|0x000000061d200000, 0x000000061d200000, 0x000000061d400000|  0%| F|  |TAMS 0x000000061d200000, 0x000000061d200000| Untracked 
| 203|0x000000061d400000, 0x000000061d400000, 0x000000061d600000|  0%| F|  |TAMS 0x000000061d400000, 0x000000061d400000| Untracked 
| 204|0x000000061d600000, 0x000000061d600000, 0x000000061d800000|  0%| F|  |TAMS 0x000000061d600000, 0x000000061d600000| Untracked 
| 205|0x000000061d800000, 0x000000061d800000, 0x000000061da00000|  0%| F|  |TAMS 0x000000061d800000, 0x000000061d800000| Untracked 
| 206|0x000000061da00000, 0x000000061da00000, 0x000000061dc00000|  0%| F|  |TAMS 0x000000061da00000, 0x000000061da00000| Untracked 
| 207|0x000000061dc00000, 0x000000061dc00000, 0x000000061de00000|  0%| F|  |TAMS 0x000000061dc00000, 0x000000061dc00000| Untracked 
| 208|0x000000061de00000, 0x000000061de00000, 0x000000061e000000|  0%| F|  |TAMS 0x000000061de00000, 0x000000061de00000| Untracked 
| 209|0x000000061e000000, 0x000000061e000000, 0x000000061e200000|  0%| F|  |TAMS 0x000000061e000000, 0x000000061e000000| Untracked 
| 210|0x000000061e200000, 0x000000061e200000, 0x000000061e400000|  0%| F|  |TAMS 0x000000061e200000, 0x000000061e200000| Untracked 
| 211|0x000000061e400000, 0x000000061e400000, 0x000000061e600000|  0%| F|  |TAMS 0x000000061e400000, 0x000000061e400000| Untracked 
| 212|0x000000061e600000, 0x000000061e600000, 0x000000061e800000|  0%| F|  |TAMS 0x000000061e600000, 0x000000061e600000| Untracked 
| 213|0x000000061e800000, 0x000000061e800000, 0x000000061ea00000|  0%| F|  |TAMS 0x000000061e800000, 0x000000061e800000| Untracked 
| 214|0x000000061ea00000, 0x000000061ea00000, 0x000000061ec00000|  0%| F|  |TAMS 0x000000061ea00000, 0x000000061ea00000| Untracked 
| 215|0x000000061ec00000, 0x000000061ec00000, 0x000000061ee00000|  0%| F|  |TAMS 0x000000061ec00000, 0x000000061ec00000| Untracked 
| 216|0x000000061ee00000, 0x000000061ee00000, 0x000000061f000000|  0%| F|  |TAMS 0x000000061ee00000, 0x000000061ee00000| Untracked 
| 217|0x000000061f000000, 0x000000061f000000, 0x000000061f200000|  0%| F|  |TAMS 0x000000061f000000, 0x000000061f000000| Untracked 
| 218|0x000000061f200000, 0x000000061f200000, 0x000000061f400000|  0%| F|  |TAMS 0x000000061f200000, 0x000000061f200000| Untracked 
| 219|0x000000061f400000, 0x000000061f400000, 0x000000061f600000|  0%| F|  |TAMS 0x000000061f400000, 0x000000061f400000| Untracked 
| 220|0x000000061f600000, 0x000000061f600000, 0x000000061f800000|  0%| F|  |TAMS 0x000000061f600000, 0x000000061f600000| Untracked 
| 221|0x000000061f800000, 0x000000061f800000, 0x000000061fa00000|  0%| F|  |TAMS 0x000000061f800000, 0x000000061f800000| Untracked 
| 222|0x000000061fa00000, 0x000000061fa00000, 0x000000061fc00000|  0%| F|  |TAMS 0x000000061fa00000, 0x000000061fa00000| Untracked 
| 223|0x000000061fc00000, 0x000000061fc00000, 0x000000061fe00000|  0%| F|  |TAMS 0x000000061fc00000, 0x000000061fc00000| Untracked 
| 224|0x000000061fe00000, 0x000000061fe00000, 0x0000000620000000|  0%| F|  |TAMS 0x000000061fe00000, 0x000000061fe00000| Untracked 
| 225|0x0000000620000000, 0x0000000620000000, 0x0000000620200000|  0%| F|  |TAMS 0x0000000620000000, 0x0000000620000000| Untracked 
| 226|0x0000000620200000, 0x0000000620200000, 0x0000000620400000|  0%| F|  |TAMS 0x0000000620200000, 0x0000000620200000| Untracked 
| 227|0x0000000620400000, 0x0000000620400000, 0x0000000620600000|  0%| F|  |TAMS 0x0000000620400000, 0x0000000620400000| Untracked 
| 228|0x0000000620600000, 0x0000000620600000, 0x0000000620800000|  0%| F|  |TAMS 0x0000000620600000, 0x0000000620600000| Untracked 
| 229|0x0000000620800000, 0x0000000620800000, 0x0000000620a00000|  0%| F|  |TAMS 0x0000000620800000, 0x0000000620800000| Untracked 
| 230|0x0000000620a00000, 0x0000000620a00000, 0x0000000620c00000|  0%| F|  |TAMS 0x0000000620a00000, 0x0000000620a00000| Untracked 
| 231|0x0000000620c00000, 0x0000000620c00000, 0x0000000620e00000|  0%| F|  |TAMS 0x0000000620c00000, 0x0000000620c00000| Untracked 
| 232|0x0000000620e00000, 0x0000000620e00000, 0x0000000621000000|  0%| F|  |TAMS 0x0000000620e00000, 0x0000000620e00000| Untracked 
| 233|0x0000000621000000, 0x0000000621000000, 0x0000000621200000|  0%| F|  |TAMS 0x0000000621000000, 0x0000000621000000| Untracked 
| 234|0x0000000621200000, 0x0000000621200000, 0x0000000621400000|  0%| F|  |TAMS 0x0000000621200000, 0x0000000621200000| Untracked 
| 235|0x0000000621400000, 0x0000000621400000, 0x0000000621600000|  0%| F|  |TAMS 0x0000000621400000, 0x0000000621400000| Untracked 
| 236|0x0000000621600000, 0x0000000621600000, 0x0000000621800000|  0%| F|  |TAMS 0x0000000621600000, 0x0000000621600000| Untracked 
| 237|0x0000000621800000, 0x0000000621800000, 0x0000000621a00000|  0%| F|  |TAMS 0x0000000621800000, 0x0000000621800000| Untracked 
| 238|0x0000000621a00000, 0x0000000621a00000, 0x0000000621c00000|  0%| F|  |TAMS 0x0000000621a00000, 0x0000000621a00000| Untracked 
| 239|0x0000000621c00000, 0x0000000621c00000, 0x0000000621e00000|  0%| F|  |TAMS 0x0000000621c00000, 0x0000000621c00000| Untracked 
| 240|0x0000000621e00000, 0x0000000621e00000, 0x0000000622000000|  0%| F|  |TAMS 0x0000000621e00000, 0x0000000621e00000| Untracked 
| 241|0x0000000622000000, 0x0000000622000000, 0x0000000622200000|  0%| F|  |TAMS 0x0000000622000000, 0x0000000622000000| Untracked 
| 242|0x0000000622200000, 0x0000000622200000, 0x0000000622400000|  0%| F|  |TAMS 0x0000000622200000, 0x0000000622200000| Untracked 
| 243|0x0000000622400000, 0x0000000622400000, 0x0000000622600000|  0%| F|  |TAMS 0x0000000622400000, 0x0000000622400000| Untracked 
| 244|0x0000000622600000, 0x000000062276c790, 0x0000000622800000| 71%| S|CS|TAMS 0x0000000622600000, 0x0000000622600000| Complete 
| 245|0x0000000622800000, 0x0000000622a00000, 0x0000000622a00000|100%| S|CS|TAMS 0x0000000622800000, 0x0000000622800000| Complete 
| 246|0x0000000622a00000, 0x0000000622c00000, 0x0000000622c00000|100%| S|CS|TAMS 0x0000000622a00000, 0x0000000622a00000| Complete 
| 247|0x0000000622c00000, 0x0000000622c00000, 0x0000000622e00000|  0%| F|  |TAMS 0x0000000622c00000, 0x0000000622c00000| Untracked 
| 248|0x0000000622e00000, 0x0000000622f12bf0, 0x0000000623000000| 53%| E|  |TAMS 0x0000000622e00000, 0x0000000622e00000| Complete 
| 249|0x0000000623000000, 0x0000000623200000, 0x0000000623200000|100%| E|CS|TAMS 0x0000000623000000, 0x0000000623000000| Complete 
| 250|0x0000000623200000, 0x0000000623400000, 0x0000000623400000|100%| E|CS|TAMS 0x0000000623200000, 0x0000000623200000| Complete 
| 251|0x0000000623400000, 0x0000000623600000, 0x0000000623600000|100%| E|  |TAMS 0x0000000623400000, 0x0000000623400000| Complete 
| 252|0x0000000623600000, 0x0000000623800000, 0x0000000623800000|100%| E|CS|TAMS 0x0000000623600000, 0x0000000623600000| Complete 
| 253|0x0000000623800000, 0x0000000623a00000, 0x0000000623a00000|100%| E|CS|TAMS 0x0000000623800000, 0x0000000623800000| Complete 
| 254|0x0000000623a00000, 0x0000000623c00000, 0x0000000623c00000|100%| E|CS|TAMS 0x0000000623a00000, 0x0000000623a00000| Complete 

Card table byte_map: [0x000002167b180000,0x000002167c170000] _byte_map_base: 0x0000021678161000

Marking Bits (Prev, Next): (CMBitMap*) 0x0000021671254bb0, (CMBitMap*) 0x0000021671254b78
 Prev Bits: [0x0000021616f10000, 0x000002161ee18000)
 Next Bits: [0x000002160f000000, 0x0000021616f08000)

Polling page: 0x00000216709b0000

Metaspace:

Usage:
  Non-class:     20.81 MB capacity,    20.68 MB (>99%) used,   110.58 KB ( <1%) free+waste,    30.81 KB ( <1%) overhead. 
      Class:      2.83 MB capacity,     2.73 MB ( 97%) used,    85.09 KB (  3%) free+waste,    13.00 KB ( <1%) overhead. 
       Both:     23.64 MB capacity,    23.41 MB (>99%) used,   195.67 KB ( <1%) free+waste,    43.81 KB ( <1%) overhead. 

Virtual space:
  Non-class space:       22.00 MB reserved,      21.00 MB ( 95%) committed 
      Class space:        1.00 GB reserved,       2.88 MB ( <1%) committed 
             Both:        1.02 GB reserved,      23.88 MB (  2%) committed 

Chunk freelists:
   Non-Class:  63.00 KB
       Class:  17.00 KB
        Both:  80.00 KB

MaxMetaspaceSize: 17179869184.00 GB
CompressedClassSpaceSize: 1.00 GB
Initial GC threshold: 20.80 MB
Current GC threshold: 35.00 MB
CDS: off

CodeHeap 'non-profiled nmethods': size=119168Kb used=449Kb max_used=449Kb free=118719Kb
 bounds [0x0000021607ba0000, 0x0000021607e10000, 0x000002160f000000]
CodeHeap 'profiled nmethods': size=119168Kb used=2737Kb max_used=2737Kb free=116430Kb
 bounds [0x0000021600740000, 0x00000216009f0000, 0x0000021607ba0000]
CodeHeap 'non-nmethods': size=7424Kb used=1215Kb max_used=2905Kb free=6208Kb
 bounds [0x0000021600000000, 0x00000216002e0000, 0x0000021600740000]
 total_blobs=1944 nmethods=1459 adapters=398
 compilation: enabled
              stopped_count=0, restarted_count=0
 full_count=0

Compilation events (20 events):
Event: 107.397 Thread 0x000002161fae0800 1449       3       java.lang.ProcessEnvironment$NameComparator::compare (90 bytes)
Event: 107.398 Thread 0x000002161fae0800 nmethod 1449 0x00000216009e7110 code [0x00000216009e7440, 0x00000216009e8678]
Event: 107.398 Thread 0x000002161fae0800 1448       3       java.lang.ProcessEnvironment$NameComparator::compare (13 bytes)
Event: 107.398 Thread 0x000002161fae0800 nmethod 1448 0x00000216009e8f10 code [0x00000216009e90e0, 0x00000216009e9408]
Event: 107.399 Thread 0x000002161fae0800 1451       3       io.netty.channel.AbstractChannelHandlerContext::channel (8 bytes)
Event: 107.399 Thread 0x000002161fae0800 nmethod 1451 0x00000216009e9510 code [0x00000216009e96c0, 0x00000216009e97f8]
Event: 107.400 Thread 0x000002161fae0800 1452       3       io.netty.channel.AbstractChannelHandlerContext::executor (22 bytes)
Event: 107.400 Thread 0x000002161fae0800 nmethod 1452 0x00000216009e9890 code [0x00000216009e9a60, 0x00000216009e9d88]
Event: 107.400 Thread 0x000002161fae0800 1453       3       io.netty.channel.nio.AbstractNioChannel::eventLoop (8 bytes)
Event: 107.400 Thread 0x000002161fae0800 nmethod 1453 0x00000216009e9e90 code [0x00000216009ea060, 0x00000216009ea3c8]
Event: 107.400 Thread 0x000002161fae0800 1454       3       io.netty.channel.AbstractChannel::eventLoop (21 bytes)
Event: 107.400 Thread 0x000002161fae0800 nmethod 1454 0x00000216009ea510 code [0x00000216009ea6e0, 0x00000216009ea8e8]
Event: 107.400 Thread 0x000002161fae0800 1455       3       io.netty.channel.nio.AbstractNioChannel::eventLoop (5 bytes)
Event: 107.400 Thread 0x000002161fae0800 nmethod 1455 0x00000216009eaa10 code [0x00000216009eabe0, 0x00000216009eb028]
Event: 107.400 Thread 0x000002161fae0800 1456       3       org.fusesource.jansi.internal.JansiLoader$1::accept (26 bytes)
Event: 107.400 Thread 0x000002161fae0800 nmethod 1456 0x00000216009eb190 code [0x00000216009eb3a0, 0x00000216009eb878]
Event: 107.401 Thread 0x000002161fae0800 1457       3       jdk.internal.loader.BuiltinClassLoader::hasClassPath (13 bytes)
Event: 107.401 Thread 0x000002161fae0800 nmethod 1457 0x00000216009eba90 code [0x00000216009ebc40, 0x00000216009ebd98]
Event: 107.414 Thread 0x000002161fae0800 1458       3       jdk.internal.misc.Unsafe::getLongUnaligned (173 bytes)
Event: 107.414 Thread 0x000002161fae0800 nmethod 1458 0x00000216009ebe10 code [0x00000216009ec000, 0x00000216009ec5b8]

GC Heap History (4 events):
Event: 0.352 GC heap before
{Heap before GC invocations=0 (full 0):
 garbage-first heap   total 522240K, used 22528K [0x0000000603e00000, 0x0000000800000000)
  region size 2048K, 12 young (24576K), 0 survivors (0K)
 Metaspace       used 14951K, capacity 15125K, committed 15360K, reserved 1062912K
  class space    used 1601K, capacity 1676K, committed 1792K, reserved 1048576K
}
Event: 0.355 GC heap after
{Heap after GC invocations=1 (full 0):
 garbage-first heap   total 522240K, used 3812K [0x0000000603e00000, 0x0000000800000000)
  region size 2048K, 2 young (4096K), 2 survivors (4096K)
 Metaspace       used 14951K, capacity 15125K, committed 15360K, reserved 1062912K
  class space    used 1601K, capacity 1676K, committed 1792K, reserved 1048576K
}
Event: 0.679 GC heap before
{Heap before GC invocations=1 (full 0):
 garbage-first heap   total 522240K, used 18148K [0x0000000603e00000, 0x0000000800000000)
  region size 2048K, 10 young (20480K), 2 survivors (4096K)
 Metaspace       used 20898K, capacity 21130K, committed 21248K, reserved 1069056K
  class space    used 2357K, capacity 2445K, committed 2560K, reserved 1048576K
}
Event: 0.683 GC heap after
{Heap after GC invocations=2 (full 0):
 garbage-first heap   total 522240K, used 5553K [0x0000000603e00000, 0x0000000800000000)
  region size 2048K, 3 young (6144K), 3 survivors (6144K)
 Metaspace       used 20898K, capacity 21130K, committed 21248K, reserved 1069056K
  class space    used 2357K, capacity 2445K, committed 2560K, reserved 1048576K
}

Deoptimization events (20 events):
Event: 0.407 Thread 0x00000216711cc800 Uncommon trap: trap_request=0xffffffde fr.pc=0x0000021607be61c8 relative=0x00000000000004c8
Event: 0.407 Thread 0x00000216711cc800 Uncommon trap: reason=class_check action=maybe_recompile pc=0x0000021607be61c8 method=kotlin.reflect.jvm.internal.impl.protobuf.CodedInputStream.tryRefillBuffer(I)Z @ 175 c2
Event: 0.407 Thread 0x00000216711cc800 DEOPT PACKING pc=0x0000021607be61c8 sp=0x00000069fa6fcc20
Event: 0.407 Thread 0x00000216711cc800 DEOPT UNPACKING pc=0x000002160004a1af sp=0x00000069fa6fcb08 mode 2
Event: 0.407 Thread 0x00000216711cc800 Uncommon trap: trap_request=0xffffffde fr.pc=0x0000021607be61c8 relative=0x00000000000004c8
Event: 0.407 Thread 0x00000216711cc800 Uncommon trap: reason=class_check action=maybe_recompile pc=0x0000021607be61c8 method=kotlin.reflect.jvm.internal.impl.protobuf.CodedInputStream.tryRefillBuffer(I)Z @ 175 c2
Event: 0.407 Thread 0x00000216711cc800 DEOPT PACKING pc=0x0000021607be61c8 sp=0x00000069fa6fcc20
Event: 0.407 Thread 0x00000216711cc800 DEOPT UNPACKING pc=0x000002160004a1af sp=0x00000069fa6fcb08 mode 2
Event: 0.407 Thread 0x00000216711cc800 Uncommon trap: trap_request=0xffffffde fr.pc=0x0000021607be61c8 relative=0x00000000000004c8
Event: 0.407 Thread 0x00000216711cc800 Uncommon trap: reason=class_check action=maybe_recompile pc=0x0000021607be61c8 method=kotlin.reflect.jvm.internal.impl.protobuf.CodedInputStream.tryRefillBuffer(I)Z @ 175 c2
Event: 0.407 Thread 0x00000216711cc800 DEOPT PACKING pc=0x0000021607be61c8 sp=0x00000069fa6fcd20
Event: 0.407 Thread 0x00000216711cc800 DEOPT UNPACKING pc=0x000002160004a1af sp=0x00000069fa6fcc08 mode 2
Event: 0.407 Thread 0x00000216711cc800 Uncommon trap: trap_request=0xffffffde fr.pc=0x0000021607be61c8 relative=0x00000000000004c8
Event: 0.407 Thread 0x00000216711cc800 Uncommon trap: reason=class_check action=maybe_recompile pc=0x0000021607be61c8 method=kotlin.reflect.jvm.internal.impl.protobuf.CodedInputStream.tryRefillBuffer(I)Z @ 175 c2
Event: 0.407 Thread 0x00000216711cc800 DEOPT PACKING pc=0x0000021607be61c8 sp=0x00000069fa6fcd20
Event: 0.407 Thread 0x00000216711cc800 DEOPT UNPACKING pc=0x000002160004a1af sp=0x00000069fa6fcc08 mode 2
Event: 0.464 Thread 0x00000216711cc800 Uncommon trap: trap_request=0xffffff4d fr.pc=0x0000021607bd48ec relative=0x00000000000001cc
Event: 0.464 Thread 0x00000216711cc800 Uncommon trap: reason=unstable_if action=reinterpret pc=0x0000021607bd48ec method=java.lang.String.startsWith(Ljava/lang/String;I)Z @ 1 c2
Event: 0.464 Thread 0x00000216711cc800 DEOPT PACKING pc=0x0000021607bd48ec sp=0x00000069fa6fa650
Event: 0.464 Thread 0x00000216711cc800 DEOPT UNPACKING pc=0x000002160004a1af sp=0x00000069fa6fa5c0 mode 2

Classes redefined (0 events):
No events

Internal exceptions (17 events):
Event: 0.140 Thread 0x00000216711cc800 Exception <a 'java/lang/ClassNotFoundException'{0x000000062342d080}: javax/smartcardio/CardPermission> (0x000000062342d080) thrown at [./src/hotspot/share/classfile/systemDictionary.cpp, line 231]
Event: 0.146 Thread 0x00000216711cc800 Exception <a 'java/io/FileNotFoundException'{0x000000062343ae88}> (0x000000062343ae88) thrown at [./src/hotspot/share/prims/jni.cpp, line 616]
Event: 0.170 Thread 0x00000216711cc800 Exception <a 'java/lang/NoSuchMethodError'{0x000000062356fbb0}: 'java.lang.Object java.lang.invoke.DirectMethodHandle$Holder.invokeStatic(java.lang.Object, java.lang.Object, java.lang.Object, java.lang.Object, java.lang.Object, java.lang.Object, java.lang.Object, java.lang.Object, java.lang.Object, java.lang.Object, java.lang.Object, java.lang.Object, java.lang.Object, java.lang.Object, java.lang.Object)'> (0x000000062356fbb0) thrown at [./src/hotspot/share/interpreter/linkResolver.cpp, line 773]
Event: 0.172 Thread 0x00000216711cc800 Exception <a 'java/lang/NoSuchMethodError'{0x000000062357e458}: 'java.lang.Object java.lang.invoke.DirectMethodHandle$Holder.invokeStatic(java.lang.Object, java.lang.Object, java.lang.Object, java.lang.Object, java.lang.Object, java.lang.Object, java.lang.Object, java.lang.Object, java.lang.Object, java.lang.Object, java.lang.Object, java.lang.Object, java.lang.Object, java.lang.Object, java.lang.Object, java.lang.Object)'> (0x000000062357e458) thrown at [./src/hotspot/share/interpreter/linkResolver.cpp, l
Event: 0.173 Thread 0x00000216711cc800 Exception <a 'java/lang/NoSuchMethodError'{0x000000062358d608}: 'java.lang.Object java.lang.invoke.DirectMethodHandle$Holder.invokeSpecial(java.lang.Object, java.lang.Object, int, int, java.lang.Object, java.lang.Object, java.lang.Object)'> (0x000000062358d608) thrown at [./src/hotspot/share/interpreter/linkResolver.cpp, line 773]
Event: 0.173 Thread 0x00000216711cc800 Exception <a 'java/lang/NoSuchMethodError'{0x0000000623590b98}: 'java.lang.Object java.lang.invoke.DelegatingMethodHandle$Holder.reinvoke_L(java.lang.Object, int, int, java.lang.Object, java.lang.Object, java.lang.Object)'> (0x0000000623590b98) thrown at [./src/hotspot/share/interpreter/linkResolver.cpp, line 773]
Event: 0.173 Thread 0x00000216711cc800 Exception <a 'java/lang/NoSuchMethodError'{0x0000000623595018}: 'java.lang.Object java.lang.invoke.DirectMethodHandle$Holder.invokeStatic(java.lang.Object, java.lang.Object, java.lang.Object, java.lang.Object, int)'> (0x0000000623595018) thrown at [./src/hotspot/share/interpreter/linkResolver.cpp, line 773]
Event: 0.452 Thread 0x00000216711cc800 Exception <a 'java/lang/NoSuchMethodError'{0x00000006233f1248}: 'java.lang.Object java.lang.invoke.DirectMethodHandle$Holder.invokeStaticInit(java.lang.Object, java.lang.Object, java.lang.Object)'> (0x00000006233f1248) thrown at [./src/hotspot/share/interpreter/linkResolver.cpp, line 773]
Event: 0.457 Thread 0x00000216711cc800 Exception <a 'java/lang/NoSuchMethodError'{0x0000000623025568}: 'int java.lang.invoke.DirectMethodHandle$Holder.invokeSpecialIFC(java.lang.Object, java.lang.Object, int)'> (0x0000000623025568) thrown at [./src/hotspot/share/interpreter/linkResolver.cpp, line 773]
Event: 0.461 Thread 0x00000216711cc800 Exception <a 'java/lang/UnsatisfiedLinkError'{0x00000006230411a0}: 'int io.netty.channel.kqueue.Native.sizeofKEvent()'> (0x00000006230411a0) thrown at [./src/hotspot/share/prims/nativeLookup.cpp, line 528]
Event: 0.461 Thread 0x00000216711cc800 Exception <a 'java/lang/ExceptionInInitializerError'{0x00000006230417b8}> (0x00000006230417b8) thrown at [./src/hotspot/share/oops/instanceKlass.cpp, line 1034]
Event: 0.467 Thread 0x00000216711cc800 Exception <a 'java/lang/NoSuchMethodError'{0x00000006230758a8}: 'java.lang.Object java.lang.invoke.DirectMethodHandle$Holder.invokeStaticInit(java.lang.Object, int, int, int, int)'> (0x00000006230758a8) thrown at [./src/hotspot/share/interpreter/linkResolver.cpp, line 773]
Event: 0.529 Thread 0x00000216711cc800 Exception <a 'java/lang/NoSuchMethodError'{0x00000006230ff098}: 'java.lang.Object java.lang.invoke.DirectMethodHandle$Holder.invokeStaticInit(java.lang.Object, java.lang.Object, int, int, int, int)'> (0x00000006230ff098) thrown at [./src/hotspot/share/interpreter/linkResolver.cpp, line 773]
Event: 0.533 Thread 0x00000216711cc800 Exception <a 'java/lang/UnsatisfiedLinkError'{0x0000000623113cb0}: 'int io.netty.channel.epoll.Native.offsetofEpollData()'> (0x0000000623113cb0) thrown at [./src/hotspot/share/prims/nativeLookup.cpp, line 528]
Event: 0.533 Thread 0x00000216711cc800 Exception <a 'java/lang/ExceptionInInitializerError'{0x0000000623114858}> (0x0000000623114858) thrown at [./src/hotspot/share/oops/instanceKlass.cpp, line 1034]
Event: 107.397 Thread 0x0000021620265000 Exception <a 'java/lang/NullPointerException'{0x0000000622e49008}> (0x0000000622e49008) thrown at [./src/hotspot/share/interpreter/linkResolver.cpp, line 1358]
Event: 107.417 Thread 0x0000021620265000 Exception <a 'java/lang/NoSuchFieldError'{0x0000000622ed2438}: COMMON_LVB_LEADING_BYTE> (0x0000000622ed2438) thrown at [./src/hotspot/share/prims/jni.cpp, line 2275]

Events (20 events):
Event: 107.399 loading class kotlinx/coroutines/channels/SendChannel$DefaultImpls done
Event: 107.399 loading class kotlinx/coroutines/internal/InlineList
Event: 107.399 loading class kotlinx/coroutines/internal/InlineList done
Event: 107.399 loading class kotlinx/coroutines/channels/ChannelResult$Closed
Event: 107.399 loading class kotlinx/coroutines/channels/ChannelResult$Closed done
Event: 107.400 loading class org/fusesource/jansi/internal/OSInfo
Event: 107.400 loading class org/fusesource/jansi/internal/OSInfo done
Event: 107.401 loading class java/util/Formattable
Event: 107.401 loading class java/util/Formattable done
Event: 107.401 loading class java/io/FileOutputStream$1
Event: 107.401 loading class java/io/FileOutputStream$1 done
Event: 107.402 loading class java/io/DeleteOnExitHook
Event: 107.403 loading class java/io/DeleteOnExitHook done
Event: 107.403 loading class java/io/DeleteOnExitHook$1
Event: 107.403 loading class java/io/DeleteOnExitHook$1 done
Event: 107.403 Executing VM operation: RevokeBias
Event: 107.403 Executing VM operation: RevokeBias done
Event: 107.417 Loaded shared library C:\Users\Daria.Usova\AppData\Local\Temp\jansi-2.3.4-12b62f374b009d75-jansi.dll
Event: 107.417 loading class org/fusesource/jansi/internal/Kernel32
Event: 107.417 loading class org/fusesource/jansi/internal/Kernel32 done


Dynamic libraries:
0x00007ff744a30000 - 0x00007ff744a3d000 	C:\Users\Daria.Usova\.jdks\corretto-11.0.13\bin\java.exe
0x00007ffec3030000 - 0x00007ffec3225000 	C:\Windows\SYSTEM32\ntdll.dll
0x00007ffec1210000 - 0x00007ffec12ce000 	C:\Windows\System32\KERNEL32.DLL
0x00007ffec0d50000 - 0x00007ffec1019000 	C:\Windows\System32\KERNELBASE.dll
0x00007ffec08c0000 - 0x00007ffec09c0000 	C:\Windows\System32\ucrtbase.dll
0x00007ffea9fd0000 - 0x00007ffea9fe7000 	C:\Users\Daria.Usova\.jdks\corretto-11.0.13\bin\jli.dll
0x00007ffea9f90000 - 0x00007ffea9fa9000 	C:\Users\Daria.Usova\.jdks\corretto-11.0.13\bin\VCRUNTIME140.dll
0x00007ffec21b0000 - 0x00007ffec2351000 	C:\Windows\System32\USER32.dll
0x00007ffec1020000 - 0x00007ffec1042000 	C:\Windows\System32\win32u.dll
0x00007ffec11e0000 - 0x00007ffec120b000 	C:\Windows\System32\GDI32.dll
0x00007ffea7530000 - 0x00007ffea77ca000 	C:\Windows\WinSxS\amd64_microsoft.windows.common-controls_6595b64144ccf1df_6.0.19041.1110_none_60b5254171f9507e\COMCTL32.dll
0x00007ffec07b0000 - 0x00007ffec08bb000 	C:\Windows\System32\gdi32full.dll
0x00007ffec2ac0000 - 0x00007ffec2b5e000 	C:\Windows\System32\msvcrt.dll
0x00007ffec09c0000 - 0x00007ffec0a5d000 	C:\Windows\System32\msvcp_win.dll
0x00007ffec11a0000 - 0x00007ffec11d0000 	C:\Windows\System32\IMM32.DLL
0x00007ffe68290000 - 0x00007ffe6832b000 	C:\Users\Daria.Usova\.jdks\corretto-11.0.13\bin\msvcp140.dll
0x00007ffe5e000000 - 0x00007ffe5eb7f000 	C:\Users\Daria.Usova\.jdks\corretto-11.0.13\bin\server\jvm.dll
0x00007ffec1bb0000 - 0x00007ffec1c5c000 	C:\Windows\System32\ADVAPI32.dll
0x00007ffec1880000 - 0x00007ffec191b000 	C:\Windows\System32\sechost.dll
0x00007ffec2b60000 - 0x00007ffec2c8a000 	C:\Windows\System32\RPCRT4.dll
0x00007ffec11d0000 - 0x00007ffec11d8000 	C:\Windows\System32\PSAPI.DLL
0x00007ffea3980000 - 0x00007ffea3989000 	C:\Windows\SYSTEM32\WSOCK32.dll
0x00007ffec1980000 - 0x00007ffec19eb000 	C:\Windows\System32\WS2_32.dll
0x00007ffeb7f50000 - 0x00007ffeb7f5a000 	C:\Windows\SYSTEM32\VERSION.dll
0x00007ffeaadd0000 - 0x00007ffeaadf7000 	C:\Windows\SYSTEM32\WINMM.dll
0x00007ffebe810000 - 0x00007ffebe822000 	C:\Windows\SYSTEM32\kernel.appcore.dll
0x00007ffebcf70000 - 0x00007ffebcf80000 	C:\Users\Daria.Usova\.jdks\corretto-11.0.13\bin\verify.dll
0x00007ffebe440000 - 0x00007ffebe624000 	C:\Windows\SYSTEM32\DBGHELP.DLL
0x00007ffeb5040000 - 0x00007ffeb506c000 	C:\Windows\SYSTEM32\dbgcore.DLL
0x00007ffec0ab0000 - 0x00007ffec0b33000 	C:\Windows\System32\bcryptPrimitives.dll
0x00007ffea9f60000 - 0x00007ffea9f88000 	C:\Users\Daria.Usova\.jdks\corretto-11.0.13\bin\java.dll
0x00007ffea9fc0000 - 0x00007ffea9fca000 	C:\Users\Daria.Usova\.jdks\corretto-11.0.13\bin\jimage.dll
0x00007ffea9f40000 - 0x00007ffea9f57000 	C:\Users\Daria.Usova\.jdks\corretto-11.0.13\bin\zip.dll
0x00007ffec2360000 - 0x00007ffec2a9f000 	C:\Windows\System32\SHELL32.dll
0x00007ffebe850000 - 0x00007ffebefe0000 	C:\Windows\SYSTEM32\windows.storage.dll
0x00007ffec1460000 - 0x00007ffec17b5000 	C:\Windows\System32\combase.dll
0x00007ffec01a0000 - 0x00007ffec01cc000 	C:\Windows\SYSTEM32\Wldp.dll
0x00007ffec12d0000 - 0x00007ffec137d000 	C:\Windows\System32\SHCORE.dll
0x00007ffec1ac0000 - 0x00007ffec1b15000 	C:\Windows\System32\shlwapi.dll
0x00007ffec0690000 - 0x00007ffec06af000 	C:\Windows\SYSTEM32\profapi.dll
0x00007ffea9ed0000 - 0x00007ffea9ee9000 	C:\Users\Daria.Usova\.jdks\corretto-11.0.13\bin\net.dll
0x00007ffebcdc0000 - 0x00007ffebcec8000 	C:\Windows\SYSTEM32\WINHTTP.dll
0x00007ffebff00000 - 0x00007ffebff6a000 	C:\Windows\system32\mswsock.dll
0x00007ffea9eb0000 - 0x00007ffea9ec2000 	C:\Users\Daria.Usova\.jdks\corretto-11.0.13\bin\nio.dll
0x00007ffea9d20000 - 0x00007ffea9d29000 	C:\Users\Daria.Usova\.jdks\corretto-11.0.13\bin\management.dll
0x00007ffea99b0000 - 0x00007ffea99bb000 	C:\Users\Daria.Usova\.jdks\corretto-11.0.13\bin\management_ext.dll
0x00007ffec00f0000 - 0x00007ffec0108000 	C:\Windows\SYSTEM32\CRYPTSP.dll
0x00007ffebf810000 - 0x00007ffebf844000 	C:\Windows\system32\rsaenh.dll
0x00007ffec1050000 - 0x00007ffec1077000 	C:\Windows\System32\bcrypt.dll
0x00007ffec0610000 - 0x00007ffec063e000 	C:\Windows\SYSTEM32\USERENV.dll
0x00007ffec0110000 - 0x00007ffec011c000 	C:\Windows\SYSTEM32\CRYPTBASE.dll
0x00007ffebfba0000 - 0x00007ffebfbdb000 	C:\Windows\SYSTEM32\IPHLPAPI.DLL
0x00007ffec1d10000 - 0x00007ffec1d18000 	C:\Windows\System32\NSI.dll
0x00007ffeb99f0000 - 0x00007ffeb9a07000 	C:\Windows\SYSTEM32\dhcpcsvc6.DLL
0x00007ffeb9cc0000 - 0x00007ffeb9cdd000 	C:\Windows\SYSTEM32\dhcpcsvc.DLL
0x00007ffebfbe0000 - 0x00007ffebfcac000 	C:\Windows\SYSTEM32\DNSAPI.dll
0x00007ffe6db20000 - 0x00007ffe6db37000 	C:\Windows\system32\napinsp.dll
0x00007ffe6db00000 - 0x00007ffe6db1b000 	C:\Windows\system32\pnrpnsp.dll
0x00007ffea18f0000 - 0x00007ffea1905000 	C:\Windows\system32\wshbth.dll
0x00007ffebcd90000 - 0x00007ffebcdad000 	C:\Windows\system32\NLAapi.dll
0x00007ffe6dae0000 - 0x00007ffe6daf2000 	C:\Windows\System32\winrnr.dll
0x00007ffeb99e0000 - 0x00007ffeb99ea000 	C:\Windows\System32\rasadhlp.dll
0x00007ffeb7dc0000 - 0x00007ffeb7e3f000 	C:\Windows\System32\fwpuclnt.dll
0x0000000069ac0000 - 0x0000000069ae4000 	C:\Users\Daria.Usova\AppData\Local\Temp\jansi-2.3.4-12b62f374b009d75-jansi.dll

dbghelp: loaded successfully - version: 4.0.5 - missing functions: none
symbol engine: initialized successfully - sym options: 0x614 - pdb path: .;C:\Users\Daria.Usova\.jdks\corretto-11.0.13\bin;C:\Windows\SYSTEM32;C:\Windows\WinSxS\amd64_microsoft.windows.common-controls_6595b64144ccf1df_6.0.19041.1110_none_60b5254171f9507e;C:\Users\Daria.Usova\.jdks\corretto-11.0.13\bin\server;C:\Users\Daria.Usova\AppData\Local\Temp

VM Arguments:
java_command: build/libs/my-application.min.jar
java_class_path (initial): build/libs/my-application.min.jar
Launcher Type: SUN_STANDARD

[Global flags]
     intx CICompilerCount                          = 12                                        {product} {ergonomic}
     uint ConcGCThreads                            = 3                                         {product} {ergonomic}
     uint G1ConcRefinementThreads                  = 13                                        {product} {ergonomic}
   size_t G1HeapRegionSize                         = 2097152                                   {product} {ergonomic}
    uintx GCDrainStackTargetSize                   = 64                                        {product} {ergonomic}
   size_t InitialHeapSize                          = 534773760                                 {product} {ergonomic}
   size_t MarkStackSize                            = 4194304                                   {product} {ergonomic}
   size_t MaxHeapSize                              = 8524922880                                {product} {ergonomic}
   size_t MaxNewSize                               = 5114953728                                {product} {ergonomic}
   size_t MinHeapDeltaBytes                        = 2097152                                   {product} {ergonomic}
    uintx NonNMethodCodeHeapSize                   = 7594288                                {pd product} {ergonomic}
    uintx NonProfiledCodeHeapSize                  = 122031976                              {pd product} {ergonomic}
    uintx ProfiledCodeHeapSize                     = 122031976                              {pd product} {ergonomic}
    uintx ReservedCodeCacheSize                    = 251658240                              {pd product} {ergonomic}
     bool SegmentedCodeCache                       = true                                      {product} {ergonomic}
     bool UseCompressedClassPointers               = true                                 {lp64_product} {ergonomic}
     bool UseCompressedOops                        = true                                 {lp64_product} {ergonomic}
     bool UseG1GC                                  = true                                      {product} {ergonomic}
     bool UseLargePagesIndividualAllocation        = false                                  {pd product} {ergonomic}

Logging:
Log output configuration:
 #0: stdout all=warning uptime,level,tags
 #1: stderr all=off uptime,level,tags

Environment Variables:
JAVA_HOME=C:\Users\Daria.Usova\.jdks\corretto-11.0.13
PATH=C:\Users\Daria.Usova\bin;C:\Program Files\Git\mingw64\bin;C:\Program Files\Git\usr\local\bin;C:\Program Files\Git\usr\bin;C:\Program Files\Git\usr\bin;C:\Program Files\Git\mingw64\bin;C:\Program Files\Git\usr\bin;C:\Users\Daria.Usova\bin;C:\Windows\system32;C:\Windows;C:\Windows\System32\Wbem;C:\Windows\System32\WindowsPowerShell\v1.0;C:\Windows\System32\OpenSSH;C:\Program Files\Git\cmd;C:\Users\Daria.Usova\AppData\Local\Microsoft\WindowsApps;C:\Users\Daria.Usova\AppData\Local\JetBrains\IntelliJIdea2021.2;C:\Users\Daria.Usova\gradle-7.2-bin\gradle-7.2\bin;C:\Users\Daria.Usova\.jdks\corretto-11.0.13\bin;C:\Tools\msys64\mingw64\include;C:\Program Files\Git\usr\bin\vendor_perl;C:\Program Files\Git\usr\bin\core_perl
USERNAME=Daria.Usova
SHELL=C:\Program Files\Git\usr\bin\bash.exe
DISPLAY=needs-to-be-defined
LC_CTYPE=en_US.UTF-8
OS=Windows_NT
PROCESSOR_IDENTIFIER=Intel64 Family 6 Model 165 Stepping 2, GenuineIntel



---------------  S Y S T E M  ---------------

OS: Windows 10 , 64 bit Build 19041 (10.0.19041.1202)
OS uptime: 2 days 3:52 hours

CPU:total 16 (initial active 16) (8 cores per cpu, 2 threads per core) family 6 model 165 stepping 2 microcode 0xea, cmov, cx8, fxsr, mmx, sse, sse2, sse3, ssse3, sse4.1, sse4.2, popcnt, avx, avx2, aes, clmul, erms, 3dnowpref, lzcnt, ht, tsc, tscinvbit, bmi1, bmi2, adx, fma

Memory: 4k page, system-wide physical 32512M (15038M free)
TotalPageFile size 37376M (AvailPageFile size 16337M)
current process WorkingSet (physical memory assigned to process): 127M, peak: 128M
current process commit charge ("private bytes"): 664M, peak: 664M

vm_info: OpenJDK 64-Bit Server VM (11.0.13+8-LTS) for windows-amd64 JRE (11.0.13+8-LTS), built on Oct 13 2021 21:32:06 by "Administrator" with unknown MS VC++:1916

END.
